#
# A fatal error has been detected by the Java Runtime Environment:
#
#  SIGSEGV (0xb) at pc=0x00007fc6e7bb6271, pid=23669, tid=0x00007fc6e51eb700
#
# JRE version: OpenJDK Runtime Environment (8.0_151-b12) (build 1.8.0_151-b12)
# Java VM: OpenJDK 64-Bit Server VM (25.151-b12 mixed mode linux-amd64 compressed oops)
# Problematic frame:
# V  [libjvm.so+0x64d271]
#
# Core dump written. Default location: /home/ondieki/Pictures/Mss/core or core.23669
#
# If you would like to submit a bug report, please visit:
#   http://bugreport.java.com/bugreport/crash.jsp
#

---------------  T H R E A D  ---------------

Current thread (0x00007fc6e0021400):  GCTaskThread [stack: 0x00007fc6e50eb000,0x00007fc6e51ec000] [id=23683]

siginfo: si_signo: 11 (SIGSEGV), si_code: 1 (SEGV_MAPERR), si_addr: 0x0000000003b00310

Registers:
RAX=0x00007fc6e8544300, RBX=0x00000007073d6d18, RCX=0x0000000000000003, RDX=0x0000000000008eb6
RSP=0x00007fc6e51eabc0, RBP=0x00007fc6e51eac30, RSI=0x0000000003b00308, RDI=0x00000007073d6d18
R8 =0x00007fc6e856bd00, R9 =0x00000007073d813c, R10=0x0000000000000001, R11=0x0000040000000000
R12=0x00000007c00cec70, R13=0x00000007073d8140, R14=0x00000007073d814c, R15=0x00007fc6e007f250
RIP=0x00007fc6e7bb6271, EFLAGS=0x0000000000010202, CSGSFS=0x002b000000000033, ERR=0x0000000000000004
  TRAPNO=0x000000000000000e

Top of Stack: (sp=0x00007fc6e51eabc0)
0x00007fc6e51eabc0:   00007fc6e51eac30 00007fc6e7bb08e4
0x00007fc6e51eabd0:   00000007073b7fc8 00007fc6e007f290
0x00007fc6e51eabe0:   00000007073d8130 00000007c00cec78
0x00007fc6e51eabf0:   00007fc6e856bd00 0000000000000004
0x00007fc6e51eac00:   00007fc6e007f250 00007fc6e8567fac
0x00007fc6e51eac10:   00007fc6e00238e0 00007fc6e007f250
0x00007fc6e51eac20:   00007fc6e00216c0 00007fc6e007f250
0x00007fc6e51eac30:   00007fc6e51ead20 00007fc6e7ebd542
0x00007fc6e51eac40:   00007fc6e9257b18 00007fc6e51eacc0
0x00007fc6e51eac50:   00007fc6e007f2e0 0000000000000012
0x00007fc6e51eac60:   00007fc6e007f2e0 00007fc6e7ec6d65
0x00007fc6e51eac70:   00007fc6e007f260 00000007065875c8
0x00007fc6e51eac80:   00007fc6e51eacd0 00000007073d8130
0x00007fc6e51eac90:   0000001200001c73 e82ba9df3dc01000
0x00007fc6e51eaca0:   0000001300001c73 0000000000000c00
0x00007fc6e51eacb0:   0000000000000000 0000000000000000
0x00007fc6e51eacc0:   00007fc664000b00 00007fc6e0008310
0x00007fc6e51eacd0:   00007fc6e51ead01 e82ba9df3dc01001
0x00007fc6e51eace0:   00007fc6e92575f0 e82ba9df3dc01000
0x00007fc6e51eacf0:   00007fc6e0023760 00007fc6e00216b0
0x00007fc6e51ead00:   00007fc6e00238e0 00007fc6e007f250
0x00007fc6e51ead10:   00007fc6e00216c0 00007fc6e0021670
0x00007fc6e51ead20:   00007fc6e51eae00 00007fc6e7ea14ab
0x00007fc6e51ead30:   00007fc6e84a2500 00007fc6e51ead50
0x00007fc6e51ead40:   00000000000003d8 00007fc6e0021a98
0x00007fc6e51ead50:   00007fc6e84a2500 0000000000000000
0x00007fc6e51ead60:   00007fc6e007f250 00007fc6e7e1cc5a
0x00007fc6e51ead70:   00007fc6e849f090 00007fc6e007fd00
0x00007fc6e51ead80:   00007fc6e51ead50 00007fc6e8107900
0x00007fc6e51ead90:   00007fc6e849f018 00007fc6e001d300
0x00007fc6e51eada0:   00007fc6e51ead50 00007fc6e849f000
0x00007fc6e51eadb0:   00007fc6e001d300 00007fc6e51ead50 

Instructions: (pc=0x00007fc6e7bb6271)
0x00007fc6e7bb6251:   89 c6 ff d2 eb b8 66 0f 1f 84 00 00 00 00 00 31
0x00007fc6e7bb6261:   c0 eb e0 66 2e 0f 1f 84 00 00 00 00 00 66 90 55
0x00007fc6e7bb6271:   8b 46 08 48 89 f2 48 89 e5 83 f8 00 7e 11 a8 01
0x00007fc6e7bb6281:   75 0f c1 f8 03 5d c3 0f 1f 84 00 00 00 00 00 75 

Register to memory mapping:

RAX=0x00007fc6e8544300: <offset 0xfdb300> in /usr/lib/jvm/java-1.8.0-openjdk-1.8.0.151-1.b12.fc25.x86_64/jre/lib/amd64/server/libjvm.so at 0x00007fc6e7569000
RBX=0x00000007073d6d18 is pointing into object: 0x00000007073d6cf8
[C 
 - klass: {type array char}
 - length: 49
RCX=0x0000000000000003 is an unknown value
RDX=0x0000000000008eb6 is an unknown value
RSP=0x00007fc6e51eabc0 is an unknown value
RBP=0x00007fc6e51eac30 is an unknown value
RSI=0x0000000003b00308 is an unknown value
RDI=0x00000007073d6d18 is pointing into object: 0x00000007073d6cf8
[C 
 - klass: {type array char}
 - length: 49
R8 =0x00007fc6e856bd00: <offset 0x1002d00> in /usr/lib/jvm/java-1.8.0-openjdk-1.8.0.151-1.b12.fc25.x86_64/jre/lib/amd64/server/libjvm.so at 0x00007fc6e7569000
R9 =0x00000007073d813c is pointing into object: 0x00000007073d8130
com.google.inject.spi.ElementSource 
 - klass: 'com/google/inject/spi/ElementSource'
R10=0x0000000000000001 is an unknown value
R11=0x0000040000000000 is an unknown value
R12=0x00000007c00cec70 is pointing into metadata
R13=0x00000007073d8140 is pointing into object: 0x00000007073d8130
com.google.inject.spi.ElementSource 
 - klass: 'com/google/inject/spi/ElementSource'
R14=0x00000007073d814c is pointing into object: 0x00000007073d8130
com.google.inject.spi.ElementSource 
 - klass: 'com/google/inject/spi/ElementSource'
R15=0x00007fc6e007f250 is an unknown value


Stack: [0x00007fc6e50eb000,0x00007fc6e51ec000],  sp=0x00007fc6e51eabc0,  free space=1022k
Native frames: (J=compiled Java code, j=interpreted, Vv=VM code, C=native code)
V  [libjvm.so+0x64d271]
V  [libjvm.so+0x954542]
V  [libjvm.so+0x9384ab]
V  [libjvm.so+0x5c9772]
V  [libjvm.so+0x8f2f62]


---------------  P R O C E S S  ---------------

Java Threads: ( => current thread )
  0x00007fc6e00d4c20 JavaThread "Service Thread" daemon [_thread_blocked, id=23691, stack(0x00007fc6cb7f8000,0x00007fc6cb8f9000)]
  0x00007fc6e00c83c0 JavaThread "C1 CompilerThread2" daemon [_thread_blocked, id=23690, stack(0x00007fc6cb8f9000,0x00007fc6cb9fa000)]
  0x00007fc6e001a7f0 JavaThread "C2 CompilerThread1" daemon [_thread_blocked, id=23689, stack(0x00007fc6cb9fa000,0x00007fc6cbafb000)]
  0x00007fc6e00ba290 JavaThread "C2 CompilerThread0" daemon [_thread_blocked, id=23688, stack(0x00007fc6cbafb000,0x00007fc6cbbfc000)]
  0x00007fc6e00b8890 JavaThread "Signal Dispatcher" daemon [_thread_blocked, id=23687, stack(0x00007fc6cbbfc000,0x00007fc6cbcfd000)]
  0x00007fc6e008f420 JavaThread "Finalizer" daemon [_thread_blocked, id=23686, stack(0x00007fc6cbcfd000,0x00007fc6cbdfe000)]
  0x00007fc6e008b280 JavaThread "Reference Handler" daemon [_thread_blocked, id=23685, stack(0x00007fc6cbdfe000,0x00007fc6cbeff000)]
  0x00007fc6e0008310 JavaThread "main" [_thread_blocked, id=23679, stack(0x00007fc6e9292000,0x00007fc6e9393000)]

Other Threads:
  0x00007fc6e0081f20 VMThread [stack: 0x00007fc6cbeff000,0x00007fc6cc000000] [id=23684]
  0x00007fc6e00d69b0 WatcherThread [stack: 0x00007fc6cb6f7000,0x00007fc6cb7f8000] [id=23692]

=>0x00007fc6e0021400 (exited) GCTaskThread [stack: 0x00007fc6e50eb000,0x00007fc6e51ec000] [id=23683]

VM state:at safepoint (normal execution)

VM Mutex/Monitor currently owned by a thread:  ([mutex/lock_event])
[0x00007fc6e00066c0] Threads_lock - owner thread: 0x00007fc6e0081f20
[0x00007fc6e0006bc0] Heap_lock - owner thread: 0x00007fc6e0008310

Heap:
 PSYoungGen      total 177664K, used 64K [0x0000000782100000, 0x0000000793100000, 0x00000007c0000000)
  eden space 155648K, 0% used [0x0000000782100000,0x0000000782100000,0x000000078b900000)
  from space 22016K, 0% used [0x000000078b900000,0x000000078b910000,0x000000078ce80000)
  to   space 22528K, 0% used [0x0000000791b00000,0x0000000791b00000,0x0000000793100000)
 ParOldGen       total 130048K, used 47029K [0x0000000706200000, 0x000000070e100000, 0x0000000782100000)
  object space 130048K, 36% used [0x0000000706200000,0x0000000708fed560,0x000000070e100000)
 Metaspace       used 33338K, capacity 34100K, committed 34432K, reserved 1079296K
  class space    used 3658K, capacity 3927K, committed 3968K, reserved 1048576K

Card table byte_map: [0x00007fc6e58cf000,0x00007fc6e5e9f000] byte_map_base: 0x00007fc6e209e000

Marking Bits: (ParMarkBitMap*) 0x00007fc6e856bd00
 Begin Bits: [0x00007fc6ae310000, 0x00007fc6b1188000)
 End Bits:   [0x00007fc6b1188000, 0x00007fc6b4000000)

Polling page: 0x00007fc6e93b7000

CodeCache: size=245760Kb used=22290Kb max_used=24611Kb free=223469Kb
 bounds [0x00007fc6d1000000, 0x00007fc6d2820000, 0x00007fc6e0000000]
 total_blobs=6589 nmethods=6141 adapters=362
 compilation: enabled

Compilation events (10 events):
Event: 47.893 Thread 0x00007fc6e00c83c0 nmethod 7392 0x00007fc6d138c410 code [0x00007fc6d138c600, 0x00007fc6d138cef8]
Event: 47.895 Thread 0x00007fc6e00c83c0 7393       3       org.jboss.remoting3.remote.IntIndexHashMap$RowIterator::<init> (32 bytes)
Event: 47.895 Thread 0x00007fc6e00ba290 nmethod 7400 0x00007fc6d116b990 code [0x00007fc6d116bb20, 0x00007fc6d116bd68]
Event: 47.896 Thread 0x00007fc6e00c83c0 nmethod 7393 0x00007fc6d152d510 code [0x00007fc6d152d680, 0x00007fc6d152d950]
Event: 47.897 Thread 0x00007fc6e00c83c0 7395       3       org.jboss.remoting3.remote.IntIndexHashMap$RowIterator::hasNext (52 bytes)
Event: 47.897 Thread 0x00007fc6e00c83c0 nmethod 7395 0x00007fc6d11aab50 code [0x00007fc6d11aace0, 0x00007fc6d11ab030]
Event: 47.898 Thread 0x00007fc6e00c83c0 7396       3       org.jboss.remoting3.remote.IntIndexHashMap::access$200 (4 bytes)
Event: 47.898 Thread 0x00007fc6e00c83c0 nmethod 7396 0x00007fc6d2014c10 code [0x00007fc6d2014d60, 0x00007fc6d2014e90]
Event: 47.900 Thread 0x00007fc6e00ba290 7401       4       java.util.HashMap::remove (26 bytes)
Event: 47.911 Thread 0x00007fc6e001a7f0 nmethod 7399 0x00007fc6d1dcba10 code [0x00007fc6d1dcbbc0, 0x00007fc6d1dcc7a8]

GC Heap History (10 events):
Event: 24.740 GC heap after
Heap after GC invocations=11 (full 1):
 PSYoungGen      total 129536K, used 5120K [0x0000000782100000, 0x000000078b400000, 0x00000007c0000000)
  eden space 110592K, 0% used [0x0000000782100000,0x0000000782100000,0x0000000788d00000)
  from space 18944K, 27% used [0x000000078a180000,0x000000078a680000,0x000000078b400000)
  to   space 19968K, 0% used [0x0000000788d00000,0x0000000788d00000,0x000000078a080000)
 ParOldGen       total 61440K, used 33204K [0x0000000706200000, 0x0000000709e00000, 0x0000000782100000)
  object space 61440K, 54% used [0x0000000706200000,0x000000070826d280,0x0000000709e00000)
 Metaspace       used 27800K, capacity 28452K, committed 28672K, reserved 1075200K
  class space    used 2999K, capacity 3227K, committed 3328K, reserved 1048576K
}
Event: 39.779 GC heap before
{Heap before GC invocations=12 (full 1):
 PSYoungGen      total 129536K, used 104768K [0x0000000782100000, 0x000000078b400000, 0x00000007c0000000)
  eden space 110592K, 90% used [0x0000000782100000,0x0000000788250228,0x0000000788d00000)
  from space 18944K, 27% used [0x000000078a180000,0x000000078a680000,0x000000078b400000)
  to   space 19968K, 0% used [0x0000000788d00000,0x0000000788d00000,0x000000078a080000)
 ParOldGen       total 61440K, used 33204K [0x0000000706200000, 0x0000000709e00000, 0x0000000782100000)
  object space 61440K, 54% used [0x0000000706200000,0x000000070826d280,0x0000000709e00000)
 Metaspace       used 33145K, capacity 33908K, committed 34176K, reserved 1079296K
  class space    used 3650K, capacity 3927K, committed 3968K, reserved 1048576K
Event: 39.797 GC heap after
Heap after GC invocations=12 (full 1):
 PSYoungGen      total 130560K, used 15768K [0x0000000782100000, 0x000000078e300000, 0x00000007c0000000)
  eden space 110592K, 0% used [0x0000000782100000,0x0000000782100000,0x0000000788d00000)
  from space 19968K, 78% used [0x0000000788d00000,0x0000000789c66090,0x000000078a080000)
  to   space 20992K, 0% used [0x000000078ce80000,0x000000078ce80000,0x000000078e300000)
 ParOldGen       total 61440K, used 35729K [0x0000000706200000, 0x0000000709e00000, 0x0000000782100000)
  object space 61440K, 58% used [0x0000000706200000,0x00000007084e4600,0x0000000709e00000)
 Metaspace       used 33145K, capacity 33908K, committed 34176K, reserved 1079296K
  class space    used 3650K, capacity 3927K, committed 3968K, reserved 1048576K
}
Event: 40.485 GC heap before
{Heap before GC invocations=13 (full 1):
 PSYoungGen      total 130560K, used 126360K [0x0000000782100000, 0x000000078e300000, 0x00000007c0000000)
  eden space 110592K, 100% used [0x0000000782100000,0x0000000788d00000,0x0000000788d00000)
  from space 19968K, 78% used [0x0000000788d00000,0x0000000789c66090,0x000000078a080000)
  to   space 20992K, 0% used [0x000000078ce80000,0x000000078ce80000,0x000000078e300000)
 ParOldGen       total 61440K, used 35729K [0x0000000706200000, 0x0000000709e00000, 0x0000000782100000)
  object space 61440K, 58% used [0x0000000706200000,0x00000007084e4600,0x0000000709e00000)
 Metaspace       used 33297K, capacity 34100K, committed 34432K, reserved 1079296K
  class space    used 3650K, capacity 3927K, committed 3968K, reserved 1048576K
Event: 40.520 GC heap after
Heap after GC invocations=13 (full 1):
 PSYoungGen      total 176640K, used 128K [0x0000000782100000, 0x000000078ed80000, 0x00000007c0000000)
  eden space 155648K, 0% used [0x0000000782100000,0x0000000782100000,0x000000078b900000)
  from space 20992K, 0% used [0x000000078ce80000,0x000000078cea0000,0x000000078e300000)
  to   space 22016K, 0% used [0x000000078b900000,0x000000078b900000,0x000000078ce80000)
 ParOldGen       total 87552K, used 86563K [0x0000000706200000, 0x000000070b780000, 0x0000000782100000)
  object space 87552K, 98% used [0x0000000706200000,0x000000070b688c70,0x000000070b780000)
 Metaspace       used 33297K, capacity 34100K, committed 34432K, reserved 1079296K
  class space    used 3650K, capacity 3927K, committed 3968K, reserved 1048576K
}
Event: 40.520 GC heap before
{Heap before GC invocations=14 (full 2):
 PSYoungGen      total 176640K, used 128K [0x0000000782100000, 0x000000078ed80000, 0x00000007c0000000)
  eden space 155648K, 0% used [0x0000000782100000,0x0000000782100000,0x000000078b900000)
  from space 20992K, 0% used [0x000000078ce80000,0x000000078cea0000,0x000000078e300000)
  to   space 22016K, 0% used [0x000000078b900000,0x000000078b900000,0x000000078ce80000)
 ParOldGen       total 87552K, used 86563K [0x0000000706200000, 0x000000070b780000, 0x0000000782100000)
  object space 87552K, 98% used [0x0000000706200000,0x000000070b688c70,0x000000070b780000)
 Metaspace       used 33297K, capacity 34100K, committed 34432K, reserved 1079296K
  class space    used 3650K, capacity 3927K, committed 3968K, reserved 1048576K
Event: 40.621 GC heap after
Heap after GC invocations=14 (full 2):
 PSYoungGen      total 176640K, used 0K [0x0000000782100000, 0x000000078ed80000, 0x00000007c0000000)
  eden space 155648K, 0% used [0x0000000782100000,0x0000000782100000,0x000000078b900000)
  from space 20992K, 0% used [0x000000078ce80000,0x000000078ce80000,0x000000078e300000)
  to   space 22016K, 0% used [0x000000078b900000,0x000000078b900000,0x000000078ce80000)
 ParOldGen       total 130048K, used 47029K [0x0000000706200000, 0x000000070e100000, 0x0000000782100000)
  object space 130048K, 36% used [0x0000000706200000,0x0000000708fed560,0x000000070e100000)
 Metaspace       used 33297K, capacity 34100K, committed 34432K, reserved 1079296K
  class space    used 3650K, capacity 3927K, committed 3968K, reserved 1048576K
}
Event: 47.913 GC heap before
{Heap before GC invocations=15 (full 2):
 PSYoungGen      total 176640K, used 8756K [0x0000000782100000, 0x000000078ed80000, 0x00000007c0000000)
  eden space 155648K, 5% used [0x0000000782100000,0x000000078298d060,0x000000078b900000)
  from space 20992K, 0% used [0x000000078ce80000,0x000000078ce80000,0x000000078e300000)
  to   space 22016K, 0% used [0x000000078b900000,0x000000078b900000,0x000000078ce80000)
 ParOldGen       total 130048K, used 47029K [0x0000000706200000, 0x000000070e100000, 0x0000000782100000)
  object space 130048K, 36% used [0x0000000706200000,0x0000000708fed560,0x000000070e100000)
 Metaspace       used 33338K, capacity 34100K, committed 34432K, reserved 1079296K
  class space    used 3658K, capacity 3927K, committed 3968K, reserved 1048576K
Event: 47.916 GC heap after
Heap after GC invocations=15 (full 2):
 PSYoungGen      total 177664K, used 64K [0x0000000782100000, 0x0000000793100000, 0x00000007c0000000)
  eden space 155648K, 0% used [0x0000000782100000,0x0000000782100000,0x000000078b900000)
  from space 22016K, 0% used [0x000000078b900000,0x000000078b910000,0x000000078ce80000)
  to   space 22528K, 0% used [0x0000000791b00000,0x0000000791b00000,0x0000000793100000)
 ParOldGen       total 130048K, used 47029K [0x0000000706200000, 0x000000070e100000, 0x0000000782100000)
  object space 130048K, 36% used [0x0000000706200000,0x0000000708fed560,0x000000070e100000)
 Metaspace       used 33338K, capacity 34100K, committed 34432K, reserved 1079296K
  class space    used 3658K, capacity 3927K, committed 3968K, reserved 1048576K
}
Event: 47.916 GC heap before
{Heap before GC invocations=16 (full 3):
 PSYoungGen      total 177664K, used 64K [0x0000000782100000, 0x0000000793100000, 0x00000007c0000000)
  eden space 155648K, 0% used [0x0000000782100000,0x0000000782100000,0x000000078b900000)
  from space 22016K, 0% used [0x000000078b900000,0x000000078b910000,0x000000078ce80000)
  to   space 22528K, 0% used [0x0000000791b00000,0x0000000791b00000,0x0000000793100000)
 ParOldGen       total 130048K, used 47029K [0x0000000706200000, 0x000000070e100000, 0x0000000782100000)
  object space 130048K, 36% used [0x0000000706200000,0x0000000708fed560,0x000000070e100000)
 Metaspace       used 33338K, capacity 34100K, committed 34432K, reserved 1079296K
  class space    used 3658K, capacity 3927K, committed 3968K, reserved 1048576K

Deoptimization events (10 events):
Event: 47.881 Thread 0x00007fc6e0f6c060 Uncommon trap: reason=bimorphic action=maybe_recompile pc=0x00007fc6d198912c method=org.jboss.remoting3.remote.IntIndexHashMap.doGet(Lorg/jboss/remoting3/remote/IntIndexHashMap$Table;I)Ljava/lang/Object; @ 60
Event: 47.885 Thread 0x00007fc6e0f6c060 Uncommon trap: reason=null_check action=make_not_entrant pc=0x00007fc6d198923c method=org.jboss.remoting3.remote.IntIndexHashMap.doGet(Lorg/jboss/remoting3/remote/IntIndexHashMap$Table;I)Ljava/lang/Object; @ 17
Event: 47.887 Thread 0x00007fc6e0f6d150 Uncommon trap: reason=unstable_if action=reinterpret pc=0x00007fc6d1233368 method=sun.nio.ch.SelectorImpl.processDeregisterQueue()V @ 15
Event: 47.887 Thread 0x00007fc6e0008310 Uncommon trap: reason=unstable_if action=reinterpret pc=0x00007fc6d1138c30 method=org.xnio.channels.FramedMessageChannel.flushAction(Z)Z @ 8
Event: 47.887 Thread 0x00007fc6e0f6d150 Uncommon trap: reason=class_check action=maybe_recompile pc=0x00007fc6d2364de0 method=java.util.HashMap.removeNode(ILjava/lang/Object;Ljava/lang/Object;ZZ)Ljava/util/HashMap$Node; @ 68
Event: 47.887 Thread 0x00007fc6e0f6d150 Uncommon trap: reason=unstable_if action=reinterpret pc=0x00007fc6d1dc0fe8 method=java.util.HashSet.remove(Ljava/lang/Object;)Z @ 11
Event: 47.888 Thread 0x00007fc6e0f6c060 Uncommon trap: reason=unstable_if action=reinterpret pc=0x00007fc6d1664da4 method=java.nio.DirectByteBuffer.get([BII)Ljava/nio/ByteBuffer; @ 8
Event: 47.888 Thread 0x00007fc6e0f6c060 Uncommon trap: reason=unstable_if action=reinterpret pc=0x00007fc6d19f8a58 method=java.nio.channels.spi.AbstractInterruptibleChannel.end(Z)V @ 31
Event: 47.888 Thread 0x00007fc6e0f6c060 Uncommon trap: reason=unstable_if action=reinterpret pc=0x00007fc6d118d548 method=sun.nio.ch.IOUtil.readIntoNativeBuffer(Ljava/io/FileDescriptor;Ljava/nio/ByteBuffer;JLsun/nio/ch/NativeDispatcher;)I @ 53
Event: 47.888 Thread 0x00007fc6e0f6c060 Uncommon trap: reason=class_check action=maybe_recompile pc=0x00007fc6d113dfd8 method=java.util.HashMap.removeNode(ILjava/lang/Object;Ljava/lang/Object;ZZ)Ljava/util/HashMap$Node; @ 68

Internal exceptions (10 events):
Event: 13.046 Thread 0x00007fc6e0008310 Exception <a 'java/io/FileNotFoundException'> (0x0000000783f54c70) thrown at [/builddir/build/BUILD/java-1.8.0-openjdk-1.8.0.151-1.b12.fc25.x86_64/openjdk/hotspot/src/share/vm/prims/jni.cpp, line 710]
Event: 19.804 Thread 0x00007fc6e0008310 Exception <a 'java/lang/NoSuchFieldError': method resolution failed> (0x0000000784329790) thrown at [/builddir/build/BUILD/java-1.8.0-openjdk-1.8.0.151-1.b12.fc25.x86_64/openjdk/hotspot/src/share/vm/prims/methodHandles.cpp, line 1146]
Event: 19.807 Thread 0x00007fc6e0008310 Exception <a 'java/lang/NoSuchFieldError': method resolution failed> (0x00000007843375f0) thrown at [/builddir/build/BUILD/java-1.8.0-openjdk-1.8.0.151-1.b12.fc25.x86_64/openjdk/hotspot/src/share/vm/prims/methodHandles.cpp, line 1146]
Event: 19.990 Thread 0x00007fc6e0008310 Exception <a 'java/io/FileNotFoundException'> (0x00000007843b1560) thrown at [/builddir/build/BUILD/java-1.8.0-openjdk-1.8.0.151-1.b12.fc25.x86_64/openjdk/hotspot/src/share/vm/prims/jni.cpp, line 710]
Event: 19.991 Thread 0x00007fc6e0008310 Exception <a 'java/io/FileNotFoundException'> (0x00000007843b2420) thrown at [/builddir/build/BUILD/java-1.8.0-openjdk-1.8.0.151-1.b12.fc25.x86_64/openjdk/hotspot/src/share/vm/prims/jni.cpp, line 710]
Event: 35.236 Thread 0x00007fc6e0008310 Exception <a 'java/lang/NoClassDefFoundError': org/sonatype/aether/resolution/ArtifactResolutionException> (0x000000078552a868) thrown at [/builddir/build/BUILD/java-1.8.0-openjdk-1.8.0.151-1.b12.fc25.x86_64/openjdk/hotspot/src/share/vm/classfile/systemDi
Event: 38.261 Thread 0x00007fc6e0008310 Implicit null exception at 0x00007fc6d279b700 to 0x00007fc6d279f349
Event: 38.745 Thread 0x00007fc6e0008310 Implicit null exception at 0x00007fc6d2626f7d to 0x00007fc6d2627991
Event: 39.229 Thread 0x00007fc6e0f6c060 Implicit null exception at 0x00007fc6d24b3038 to 0x00007fc6d24b38fd
Event: 47.885 Thread 0x00007fc6e0f6c060 Implicit null exception at 0x00007fc6d1989006 to 0x00007fc6d1989229

Events (10 events):
Event: 47.899 Thread 0x00007fc6e00c83c0 flushing nmethod 0x00007fc6d1d37210
Event: 47.899 Thread 0x00007fc6e0f6d150 Thread exited: 0x00007fc6e0f6d150
Event: 47.900 Thread 0x00007fc6e0f6c060 Thread exited: 0x00007fc6e0f6c060
Event: 47.900 Thread 0x00007fc67c052670 Thread exited: 0x00007fc67c052670
Event: 47.900 Thread 0x00007fc67c0558f0 Thread exited: 0x00007fc67c0558f0
Event: 47.900 Thread 0x00007fc67c057a90 Thread exited: 0x00007fc67c057a90
Event: 47.900 Thread 0x00007fc67c053fb0 Thread exited: 0x00007fc67c053fb0
Event: 47.905 Thread 0x00007fc670004f50 Thread exited: 0x00007fc670004f50
Event: 47.911 Thread 0x00007fc6e001a7f0 flushing nmethod 0x00007fc6d1e0eb50
Event: 47.913 Executing VM operation: ParallelGCSystemGC


Dynamic libraries:
706200000-70e100000 rw-p 00000000 00:00 0 
70e100000-782100000 ---p 00000000 00:00 0 
782100000-793100000 rw-p 00000000 00:00 0 
793100000-7c0000000 ---p 00000000 00:00 0 
7c0000000-7c03e0000 rw-p 00000000 00:00 0 
7c03e0000-800000000 ---p 00000000 00:00 0 
5652a38c3000-5652a38c4000 r-xp 00000000 08:05 3688541                    /usr/lib/jvm/java-1.8.0-openjdk-1.8.0.151-1.b12.fc25.x86_64/bin/java
5652a3ac3000-5652a3ac4000 r--p 00000000 08:05 3688541                    /usr/lib/jvm/java-1.8.0-openjdk-1.8.0.151-1.b12.fc25.x86_64/bin/java
5652a3ac4000-5652a3ac5000 rw-p 00001000 08:05 3688541                    /usr/lib/jvm/java-1.8.0-openjdk-1.8.0.151-1.b12.fc25.x86_64/bin/java
5652a3e8c000-5652a3ead000 rw-p 00000000 00:00 0                          [heap]
7fc664000000-7fc664021000 rw-p 00000000 00:00 0 
7fc664021000-7fc668000000 ---p 00000000 00:00 0 
7fc66c000000-7fc66c021000 rw-p 00000000 00:00 0 
7fc66c021000-7fc670000000 ---p 00000000 00:00 0 
7fc670000000-7fc670021000 rw-p 00000000 00:00 0 
7fc670021000-7fc674000000 ---p 00000000 00:00 0 
7fc674000000-7fc674021000 rw-p 00000000 00:00 0 
7fc674021000-7fc678000000 ---p 00000000 00:00 0 
7fc678000000-7fc678021000 rw-p 00000000 00:00 0 
7fc678021000-7fc67c000000 ---p 00000000 00:00 0 
7fc67c000000-7fc67c05d000 rw-p 00000000 00:00 0 
7fc67c05d000-7fc680000000 ---p 00000000 00:00 0 
7fc680000000-7fc680021000 rw-p 00000000 00:00 0 
7fc680021000-7fc684000000 ---p 00000000 00:00 0 
7fc684000000-7fc684021000 rw-p 00000000 00:00 0 
7fc684021000-7fc688000000 ---p 00000000 00:00 0 
7fc688000000-7fc688021000 rw-p 00000000 00:00 0 
7fc688021000-7fc68c000000 ---p 00000000 00:00 0 
7fc68c000000-7fc68dc93000 rw-p 00000000 00:00 0 
7fc68dc93000-7fc690000000 ---p 00000000 00:00 0 
7fc690000000-7fc690c53000 rw-p 00000000 00:00 0 
7fc690c53000-7fc694000000 ---p 00000000 00:00 0 
7fc694000000-7fc695fde000 rw-p 00000000 00:00 0 
7fc695fde000-7fc698000000 ---p 00000000 00:00 0 
7fc699461000-7fc6a0000000 r--p 00000000 08:05 3671076                    /usr/lib/locale/locale-archive
7fc6a0000000-7fc6a0021000 rw-p 00000000 00:00 0 
7fc6a0021000-7fc6a4000000 ---p 00000000 00:00 0 
7fc6a4000000-7fc6a4021000 rw-p 00000000 00:00 0 
7fc6a4021000-7fc6a8000000 ---p 00000000 00:00 0 
7fc6a8000000-7fc6a8021000 rw-p 00000000 00:00 0 
7fc6a8021000-7fc6ac000000 ---p 00000000 00:00 0 
7fc6ae310000-7fc6b4000000 rw-p 00000000 00:00 0 
7fc6b4000000-7fc6b4021000 rw-p 00000000 00:00 0 
7fc6b4021000-7fc6b8000000 ---p 00000000 00:00 0 
7fc6b8000000-7fc6b8021000 rw-p 00000000 00:00 0 
7fc6b8021000-7fc6bc000000 ---p 00000000 00:00 0 
7fc6bc000000-7fc6bc021000 rw-p 00000000 00:00 0 
7fc6bc021000-7fc6c0000000 ---p 00000000 00:00 0 
7fc6c265b000-7fc6c265e000 ---p 00000000 00:00 0 
7fc6c265e000-7fc6c275c000 rw-p 00000000 00:00 0 
7fc6c275c000-7fc6c275f000 ---p 00000000 00:00 0 
7fc6c275f000-7fc6c285d000 rw-p 00000000 00:00 0 
7fc6c285d000-7fc6c2860000 ---p 00000000 00:00 0 
7fc6c2860000-7fc6c295e000 rw-p 00000000 00:00 0 
7fc6c295e000-7fc6c2961000 ---p 00000000 00:00 0 
7fc6c2961000-7fc6c2a5f000 rw-p 00000000 00:00 0 
7fc6c2a5f000-7fc6c2a62000 ---p 00000000 00:00 0 
7fc6c2a62000-7fc6c2d20000 rw-p 00000000 00:00 0 
7fc6c2d20000-7fc6c2d60000 ---p 00000000 00:00 0 
7fc6c2d60000-7fc6c2de1000 r-xp 00000000 08:05 3679430                    /usr/lib64/libfreeblpriv3.so
7fc6c2de1000-7fc6c2fe1000 ---p 00081000 08:05 3679430                    /usr/lib64/libfreeblpriv3.so
7fc6c2fe1000-7fc6c2fe3000 r--p 00081000 08:05 3679430                    /usr/lib64/libfreeblpriv3.so
7fc6c2fe3000-7fc6c2fe4000 rw-p 00083000 08:05 3679430                    /usr/lib64/libfreeblpriv3.so
7fc6c2fe4000-7fc6c2fe8000 rw-p 00000000 00:00 0 
7fc6c2fe8000-7fc6c3023000 r-xp 00000000 08:05 3677434                    /usr/lib64/libnspr4.so
7fc6c3023000-7fc6c3222000 ---p 0003b000 08:05 3677434                    /usr/lib64/libnspr4.so
7fc6c3222000-7fc6c3223000 r--p 0003a000 08:05 3677434                    /usr/lib64/libnspr4.so
7fc6c3223000-7fc6c3225000 rw-p 0003b000 08:05 3677434                    /usr/lib64/libnspr4.so
7fc6c3225000-7fc6c3227000 rw-p 00000000 00:00 0 
7fc6c3227000-7fc6c322b000 r-xp 00000000 08:05 3677435                    /usr/lib64/libplc4.so
7fc6c322b000-7fc6c342a000 ---p 00004000 08:05 3677435                    /usr/lib64/libplc4.so
7fc6c342a000-7fc6c342b000 r--p 00003000 08:05 3677435                    /usr/lib64/libplc4.so
7fc6c342b000-7fc6c342c000 rw-p 00004000 08:05 3677435                    /usr/lib64/libplc4.so
7fc6c342c000-7fc6c342f000 r-xp 00000000 08:05 3677436                    /usr/lib64/libplds4.so
7fc6c342f000-7fc6c362e000 ---p 00003000 08:05 3677436                    /usr/lib64/libplds4.so
7fc6c362e000-7fc6c362f000 r--p 00002000 08:05 3677436                    /usr/lib64/libplds4.so
7fc6c362f000-7fc6c3630000 rw-p 00003000 08:05 3677436                    /usr/lib64/libplds4.so
7fc6c3630000-7fc6c3659000 r-xp 00000000 08:05 3677497                    /usr/lib64/libnssutil3.so
7fc6c3659000-7fc6c3858000 ---p 00029000 08:05 3677497                    /usr/lib64/libnssutil3.so
7fc6c3858000-7fc6c385f000 r--p 00028000 08:05 3677497                    /usr/lib64/libnssutil3.so
7fc6c385f000-7fc6c3860000 rw-p 0002f000 08:05 3677497                    /usr/lib64/libnssutil3.so
7fc6c3860000-7fc6c3984000 r-xp 00000000 08:05 3679454                    /usr/lib64/libnss3.so
7fc6c3984000-7fc6c3b83000 ---p 00124000 08:05 3679454                    /usr/lib64/libnss3.so
7fc6c3b83000-7fc6c3b88000 r--p 00123000 08:05 3679454                    /usr/lib64/libnss3.so
7fc6c3b88000-7fc6c3b8a000 rw-p 00128000 08:05 3679454                    /usr/lib64/libnss3.so
7fc6c3b8a000-7fc6c3b8c000 rw-p 00000000 00:00 0 
7fc6c3b8c000-7fc6c3bb0000 r-xp 00000000 08:05 3679456                    /usr/lib64/libsmime3.so
7fc6c3bb0000-7fc6c3daf000 ---p 00024000 08:05 3679456                    /usr/lib64/libsmime3.so
7fc6c3daf000-7fc6c3db2000 r--p 00023000 08:05 3679456                    /usr/lib64/libsmime3.so
7fc6c3db2000-7fc6c3db3000 rw-p 00026000 08:05 3679456                    /usr/lib64/libsmime3.so
7fc6c3db3000-7fc6c3dfb000 r-xp 00000000 08:05 3679457                    /usr/lib64/libssl3.so
7fc6c3dfb000-7fc6c3ffa000 ---p 00048000 08:05 3679457                    /usr/lib64/libssl3.so
7fc6c3ffa000-7fc6c3ffe000 r--p 00047000 08:05 3679457                    /usr/lib64/libssl3.so
7fc6c3ffe000-7fc6c3fff000 rw-p 0004b000 08:05 3679457                    /usr/lib64/libssl3.so
7fc6c3fff000-7fc6c4000000 rw-p 00000000 00:00 0 
7fc6c4000000-7fc6c4021000 rw-p 00000000 00:00 0 
7fc6c4021000-7fc6c8000000 ---p 00000000 00:00 0 
7fc6c802a000-7fc6c8036000 r-xp 00000000 08:05 3679935                    /usr/lib/jvm/java-1.8.0-openjdk-1.8.0.151-1.b12.fc25.x86_64/jre/lib/amd64/libsunec.so
7fc6c8036000-7fc6c8236000 ---p 0000c000 08:05 3679935                    /usr/lib/jvm/java-1.8.0-openjdk-1.8.0.151-1.b12.fc25.x86_64/jre/lib/amd64/libsunec.so
7fc6c8236000-7fc6c8237000 r--p 0000c000 08:05 3679935                    /usr/lib/jvm/java-1.8.0-openjdk-1.8.0.151-1.b12.fc25.x86_64/jre/lib/amd64/libsunec.so
7fc6c8237000-7fc6c8238000 rw-p 00000000 00:00 0 
7fc6c8238000-7fc6c8240000 r-xp 00000000 08:05 3679764                    /usr/lib/jvm/java-1.8.0-openjdk-1.8.0.151-1.b12.fc25.x86_64/jre/lib/amd64/libmanagement.so
7fc6c8240000-7fc6c8440000 ---p 00008000 08:05 3679764                    /usr/lib/jvm/java-1.8.0-openjdk-1.8.0.151-1.b12.fc25.x86_64/jre/lib/amd64/libmanagement.so
7fc6c8440000-7fc6c8441000 r--p 00008000 08:05 3679764                    /usr/lib/jvm/java-1.8.0-openjdk-1.8.0.151-1.b12.fc25.x86_64/jre/lib/amd64/libmanagement.so
7fc6c8441000-7fc6c8442000 rw-p 00009000 08:05 3679764                    /usr/lib/jvm/java-1.8.0-openjdk-1.8.0.151-1.b12.fc25.x86_64/jre/lib/amd64/libmanagement.so
7fc6c8442000-7fc6c8642000 rw-p 00000000 00:00 0 
7fc6c8642000-7fc6c8645000 ---p 00000000 00:00 0 
7fc6c8645000-7fc6c8743000 rw-p 00000000 00:00 0 
7fc6c8743000-7fc6c8746000 ---p 00000000 00:00 0 
7fc6c8746000-7fc6c8a44000 rw-p 00000000 00:00 0 
7fc6c8a44000-7fc6c8a46000 r-xp 00000000 08:05 3678842                    /usr/lib64/libXau.so.6.0.0
7fc6c8a46000-7fc6c8c46000 ---p 00002000 08:05 3678842                    /usr/lib64/libXau.so.6.0.0
7fc6c8c46000-7fc6c8c47000 r--p 00002000 08:05 3678842                    /usr/lib64/libXau.so.6.0.0
7fc6c8c47000-7fc6c8c48000 rw-p 00000000 00:00 0 
7fc6c8c48000-7fc6c8c6f000 r-xp 00000000 08:05 3679811                    /usr/lib64/libxcb.so.1.1.0
7fc6c8c6f000-7fc6c8e6e000 ---p 00027000 08:05 3679811                    /usr/lib64/libxcb.so.1.1.0
7fc6c8e6e000-7fc6c8e6f000 r--p 00026000 08:05 3679811                    /usr/lib64/libxcb.so.1.1.0
7fc6c8e6f000-7fc6c8e70000 rw-p 00027000 08:05 3679811                    /usr/lib64/libxcb.so.1.1.0
7fc6c8e70000-7fc6c8e7f000 r-xp 00000000 08:05 3677700                    /usr/lib64/libXi.so.6.1.0
7fc6c8e7f000-7fc6c907e000 ---p 0000f000 08:05 3677700                    /usr/lib64/libXi.so.6.1.0
7fc6c907e000-7fc6c907f000 r--p 0000e000 08:05 3677700                    /usr/lib64/libXi.so.6.1.0
7fc6c907f000-7fc6c9080000 rw-p 0000f000 08:05 3677700                    /usr/lib64/libXi.so.6.1.0
7fc6c9080000-7fc6c9085000 r-xp 00000000 08:05 3678860                    /usr/lib64/libXtst.so.6.1.0
7fc6c9085000-7fc6c9284000 ---p 00005000 08:05 3678860                    /usr/lib64/libXtst.so.6.1.0
7fc6c9284000-7fc6c9285000 r--p 00004000 08:05 3678860                    /usr/lib64/libXtst.so.6.1.0
7fc6c9285000-7fc6c9286000 rw-p 00005000 08:05 3678860                    /usr/lib64/libXtst.so.6.1.0
7fc6c9286000-7fc6c9288000 r-xp 00000000 08:05 3678843                    /usr/lib64/libXcomposite.so.1.0.0
7fc6c9288000-7fc6c9487000 ---p 00002000 08:05 3678843                    /usr/lib64/libXcomposite.so.1.0.0
7fc6c9487000-7fc6c9488000 r--p 00001000 08:05 3678843                    /usr/lib64/libXcomposite.so.1.0.0
7fc6c9488000-7fc6c9489000 rw-p 00000000 00:00 0 
7fc6c9489000-7fc6c9492000 r-xp 00000000 08:05 3678858                    /usr/lib64/libXrender.so.1.3.0
7fc6c9492000-7fc6c9691000 ---p 00009000 08:05 3678858                    /usr/lib64/libXrender.so.1.3.0
7fc6c9691000-7fc6c9692000 r--p 00008000 08:05 3678858                    /usr/lib64/libXrender.so.1.3.0
7fc6c9692000-7fc6c9693000 rw-p 00009000 08:05 3678858                    /usr/lib64/libXrender.so.1.3.0
7fc6c9693000-7fc6c97cb000 r-xp 00000000 08:05 3677683                    /usr/lib64/libX11.so.6.3.0
7fc6c97cb000-7fc6c99cb000 ---p 00138000 08:05 3677683                    /usr/lib64/libX11.so.6.3.0
7fc6c99cb000-7fc6c99ce000 r--p 00138000 08:05 3677683                    /usr/lib64/libX11.so.6.3.0
7fc6c99ce000-7fc6c99d2000 rw-p 0013b000 08:05 3677683                    /usr/lib64/libX11.so.6.3.0
7fc6c99d2000-7fc6c99e3000 r-xp 00000000 08:05 3678847                    /usr/lib64/libXext.so.6.4.0
7fc6c99e3000-7fc6c9be2000 ---p 00011000 08:05 3678847                    /usr/lib64/libXext.so.6.4.0
7fc6c9be2000-7fc6c9be3000 r--p 00010000 08:05 3678847                    /usr/lib64/libXext.so.6.4.0
7fc6c9be3000-7fc6c9be4000 rw-p 00011000 08:05 3678847                    /usr/lib64/libXext.so.6.4.0
7fc6c9be4000-7fc6c9c38000 r-xp 00000000 08:05 3680905                    /usr/lib/jvm/java-1.8.0-openjdk-1.8.0.151-1.b12.fc25.x86_64/jre/lib/amd64/libawt_xawt.so
7fc6c9c38000-7fc6c9e38000 ---p 00054000 08:05 3680905                    /usr/lib/jvm/java-1.8.0-openjdk-1.8.0.151-1.b12.fc25.x86_64/jre/lib/amd64/libawt_xawt.so
7fc6c9e38000-7fc6c9e39000 r--p 00054000 08:05 3680905                    /usr/lib/jvm/java-1.8.0-openjdk-1.8.0.151-1.b12.fc25.x86_64/jre/lib/amd64/libawt_xawt.so
7fc6c9e39000-7fc6c9e3b000 rw-p 00055000 08:05 3680905                    /usr/lib/jvm/java-1.8.0-openjdk-1.8.0.151-1.b12.fc25.x86_64/jre/lib/amd64/libawt_xawt.so
7fc6c9e3b000-7fc6c9e3d000 rw-p 00000000 00:00 0 
7fc6c9e3d000-7fc6c9ede000 r-xp 00000000 08:05 3679737                    /usr/lib/jvm/java-1.8.0-openjdk-1.8.0.151-1.b12.fc25.x86_64/jre/lib/amd64/libawt.so
7fc6c9ede000-7fc6ca0dd000 ---p 000a1000 08:05 3679737                    /usr/lib/jvm/java-1.8.0-openjdk-1.8.0.151-1.b12.fc25.x86_64/jre/lib/amd64/libawt.so
7fc6ca0dd000-7fc6ca0de000 r--p 000a0000 08:05 3679737                    /usr/lib/jvm/java-1.8.0-openjdk-1.8.0.151-1.b12.fc25.x86_64/jre/lib/amd64/libawt.so
7fc6ca0de000-7fc6ca0e9000 rw-p 000a1000 08:05 3679737                    /usr/lib/jvm/java-1.8.0-openjdk-1.8.0.151-1.b12.fc25.x86_64/jre/lib/amd64/libawt.so
7fc6ca0e9000-7fc6ca30e000 rw-p 00000000 00:00 0 
7fc6ca30e000-7fc6ca50e000 rw-p 00000000 00:00 0 
7fc6ca561000-7fc6ca566000 r--s 00043000 08:05 3677376                    /usr/lib/jvm/java-1.8.0-openjdk-1.8.0.151-1.b12.fc25.x86_64/jre/lib/ext/sunjce_provider.jar
7fc6ca566000-7fc6ca567000 r--s 00007000 08:05 3677372                    /usr/lib/jvm/java-1.8.0-openjdk-1.8.0.151-1.b12.fc25.x86_64/jre/lib/ext/sunec.jar
7fc6ca567000-7fc6ca56b000 r--s 0003e000 08:05 3677392                    /usr/lib/jvm/java-1.8.0-openjdk-1.8.0.151-1.b12.fc25.x86_64/jre/lib/ext/sunpkcs11.jar
7fc6ca56b000-7fc6ca56e000 r--s 00018000 08:05 3680847                    /usr/lib/jvm/java-1.8.0-openjdk-1.8.0.151-1.b12.fc25.x86_64/jre/lib/jce.jar
7fc6ca56e000-7fc6ca572000 r--s 00034000 08:03 9177792                    /home/ondieki/.m2/repository/org/codehaus/plexus/plexus-utils/3.0.1/plexus-utils-3.0.1.jar
7fc6ca572000-7fc6ca578000 r--s 00036000 08:03 8782929                    /home/ondieki/.m2/repository/org/jboss/xnio/xnio-api/3.0.7.GA/xnio-api-3.0.7.GA.jar
7fc6ca578000-7fc6ca57e000 r--s 00035000 08:03 8783275                    /home/ondieki/.m2/repository/org/jboss/remoting3/jboss-remoting/3.2.12.GA/jboss-remoting-3.2.12.GA.jar
7fc6ca57e000-7fc6ca582000 r--s 0001a000 08:03 8912970                    /home/ondieki/.m2/repository/org/jboss/threads/jboss-threads/2.0.0.GA/jboss-threads-2.0.0.GA.jar
7fc6ca582000-7fc6ca584000 r--s 00014000 08:03 8783900                    /home/ondieki/.m2/repository/org/jboss/jboss-dmr/1.1.1.Final/jboss-dmr-1.1.1.Final.jar
7fc6ca584000-7fc6ca587000 r--s 00016000 08:03 8784844                    /home/ondieki/.m2/repository/org/jboss/as/jboss-as-protocol/7.1.2.Final/jboss-as-protocol-7.1.2.Final.jar
7fc6ca587000-7fc6ca58c000 r--s 00028000 08:03 8784924                    /home/ondieki/.m2/repository/org/jboss/as/jboss-as-controller-client/7.1.2.Final/jboss-as-controller-client-7.1.2.Final.jar
7fc6ca58c000-7fc6ca58d000 r--s 00000000 08:03 8784806                    /home/ondieki/.m2/repository/org/jboss/as/jboss-as-build-config/7.1.2.Final/jboss-as-build-config-7.1.2.Final.jar
7fc6ca58d000-7fc6ca593000 r--s 00068000 08:05 3688590                    /usr/lib/jvm/java-1.8.0-openjdk-1.8.0.151-1.b12.fc25.x86_64/lib/jconsole.jar
7fc6ca593000-7fc6ca596000 r--s 00018000 08:03 8783116                    /home/ondieki/.m2/repository/org/jboss/jboss-vfs/3.1.0.Final/jboss-vfs-3.1.0.Final.jar
7fc6ca596000-7fc6ca598000 r--s 00012000 08:03 8783085                    /home/ondieki/.m2/repository/org/jboss/xnio/xnio-nio/3.0.3.GA/xnio-nio-3.0.3.GA.jar
7fc6ca598000-7fc6ca59b000 r--s 00012000 08:03 8913443                    /home/ondieki/.m2/repository/org/jboss/marshalling/jboss-marshalling-river/1.3.14.GA/jboss-marshalling-river-1.3.14.GA.jar
7fc6ca59b000-7fc6ca5a1000 r--s 00033000 08:03 8913525                    /home/ondieki/.m2/repository/org/jboss/marshalling/jboss-marshalling/1.3.14.GA/jboss-marshalling-1.3.14.GA.jar
7fc6ca5a1000-7fc6ca5a6000 r--s 00025000 08:03 8783263                    /home/ondieki/.m2/repository/org/jboss/logging/jboss-logging-processor/1.0.2.Final/jboss-logging-processor-1.0.2.Final.jar
7fc6ca5a6000-7fc6ca5ac000 r--s 00039000 08:03 8784120                    /home/ondieki/.m2/repository/org/jboss/logmanager/jboss-logmanager/1.3.0.Final/jboss-logmanager-1.3.0.Final.jar
7fc6ca5ac000-7fc6ca5b1000 r--s 00021000 08:03 8784734                    /home/ondieki/.m2/repository/org/jboss/remotingjmx/remoting-jmx/1.0.3.Final/remoting-jmx-1.0.3.Final.jar
7fc6ca5b1000-7fc6ca5b5000 r--s 00030000 08:03 8784144                    /home/ondieki/.m2/repository/org/jboss/msc/jboss-msc/1.0.2.GA/jboss-msc-1.0.2.GA.jar
7fc6ca5b5000-7fc6ca5ba000 r--s 0003d000 08:03 8782810                    /home/ondieki/.m2/repository/org/jboss/modules/jboss-modules/1.1.2.GA/jboss-modules-1.1.2.GA.jar
7fc6ca5ba000-7fc6ca5cd000 r--s 000ea000 08:03 8784796                    /home/ondieki/.m2/repository/org/jboss/as/jboss-as-controller/7.1.2.Final/jboss-as-controller-7.1.2.Final.jar
7fc6ca5cd000-7fc6ca5cf000 r--s 00014000 08:03 8784063                    /home/ondieki/.m2/repository/org/jboss/sasl/jboss-sasl/1.0.1.Final/jboss-sasl-1.0.1.Final.jar
7fc6ca5cf000-7fc6ca5d1000 r--s 0000d000 08:03 8783176                    /home/ondieki/.m2/repository/org/jboss/logging/jboss-logging/3.1.1.GA/jboss-logging-3.1.1.GA.jar
7fc6ca5d1000-7fc6ca5d3000 r--s 00007000 08:03 8913326                    /home/ondieki/.m2/repository/org/jboss/staxmapper/1.1.0.Final/staxmapper-1.1.0.Final.jar
7fc6ca5d3000-7fc6ca5d5000 r--s 00014000 08:03 4858400                    /home/ondieki/.m2/repository/jline/jline/0.9.94/jline-0.9.94.jar
7fc6ca5d5000-7fc6ca5e1000 r--s 00082000 08:03 8784906                    /home/ondieki/.m2/repository/org/jboss/as/jboss-as-cli/7.1.2.Final/jboss-as-cli-7.1.2.Final.jar
7fc6ca5e1000-7fc6ca5e4000 r--s 00019000 08:03 8914321                    /home/ondieki/.m2/repository/org/sonatype/aether/aether-util/1.8/aether-util-1.8.jar
7fc6ca5e4000-7fc6ca5e6000 r--s 0000b000 08:03 9306132                    /home/ondieki/.m2/repository/org/codehaus/plexus/plexus-interpolation/1.11/plexus-interpolation-1.11.jar
7fc6ca5e6000-7fc6ca5ee000 r--s 00049000 08:03 4858573                    /home/ondieki/.m2/repository/backport-util-concurrent/backport-util-concurrent/3.1/backport-util-concurrent-3.1.jar
7fc6ca5ee000-7fc6ca60d000 r--s 00152000 08:03 8914079                    /home/ondieki/.m2/repository/org/sonatype/sisu/sisu-guava/0.9.9/sisu-guava-0.9.9.jar
7fc6ca60d000-7fc6ca615000 r--s 00050000 08:03 8914039                    /home/ondieki/.m2/repository/org/sonatype/sisu/sisu-guice/3.1.0/sisu-guice-3.1.0-no_aop.jar
7fc6ca615000-7fc6ca61c000 r--s 00040000 08:03 8914234                    /home/ondieki/.m2/repository/org/sonatype/sisu/sisu-inject-bean/2.3.0/sisu-inject-bean-2.3.0.jar
7fc6ca61c000-7fc6ca61e000 r--s 00000000 08:03 9306455                    /home/ondieki/.m2/repository/org/codehaus/plexus/plexus-component-annotations/1.5.5/plexus-component-annotations-1.5.5.jar
7fc6ca61e000-7fc6ca620000 r--s 00013000 08:03 8784900                    /home/ondieki/.m2/repository/org/jboss/as/plugins/jboss-as-maven-plugin/7.3.Final/jboss-as-maven-plugin-7.3.Final.jar
7fc6ca620000-7fc6ca622000 r--s 00007000 08:03 7736425                    /home/ondieki/.m2/repository/org/apache/maven/shared/maven-filtering/1.0-beta-2/maven-filtering-1.0-beta-2.jar
7fc6ca622000-7fc6ca624000 r--s 00005000 08:03 5379804                    /home/ondieki/.m2/repository/xpp3/xpp3_min/1.1.4c/xpp3_min-1.1.4c.jar
7fc6ca624000-7fc6ca625000 r--s 00001000 08:03 4982571                    /home/ondieki/.m2/repository/xmlpull/xmlpull/1.1.3.1/xmlpull-1.1.3.1.jar
7fc6ca625000-7fc6ca631000 r--s 0006a000 08:03 6560823                    /home/ondieki/.m2/repository/com/thoughtworks/xstream/xstream/1.4.3/xstream-1.4.3.jar
7fc6ca631000-7fc6ca633000 r--s 0000d000 08:03 9177895                    /home/ondieki/.m2/repository/org/codehaus/plexus/plexus-interpolation/1.15/plexus-interpolation-1.15.jar
7fc6ca633000-7fc6ca638000 r--s 00029000 08:03 9177323                    /home/ondieki/.m2/repository/org/codehaus/plexus/plexus-archiver/2.2/plexus-archiver-2.2.jar
7fc6ca638000-7fc6ca63b000 r--s 0000c000 08:03 9177359                    /home/ondieki/.m2/repository/org/codehaus/plexus/plexus-io/2.0.5/plexus-io-2.0.5.jar
7fc6ca63b000-7fc6ca63d000 r--s 00004000 08:03 8651460                    /home/ondieki/.m2/repository/org/apache/maven/maven-archiver/2.5/maven-archiver-2.5.jar
7fc6ca63d000-7fc6ca63f000 r--s 00013000 08:03 8652271                    /home/ondieki/.m2/repository/org/apache/maven/plugins/maven-war-plugin/2.3/maven-war-plugin-2.3.jar
7fc6ca63f000-7fc6ca641000 r--s 00002000 08:03 7342845                    /home/ondieki/.m2/repository/org/apache/maven/plugin-tools/maven-plugin-annotations/3.1/maven-plugin-annotations-3.1.jar
7fc6ca641000-7fc6ca645000 r--s 00035000 08:03 9177863                    /home/ondieki/.m2/repository/org/codehaus/plexus/plexus-utils/3.0.8/plexus-utils-3.0.8.jar
7fc6ca645000-7fc6ca647000 r--s 00006000 08:03 7736460                    /home/ondieki/.m2/repository/org/apache/maven/shared/maven-common-artifact-filters/1.3/maven-common-artifact-filters-1.3.jar
7fc6ca647000-7fc6ca64d000 r--s 00048000 08:03 5771172                    /home/ondieki/.m2/repository/org/apache/commons/commons-lang3/3.1/commons-lang3-3.1.jar
7fc6ca64d000-7fc6ca652000 r--s 0003c000 08:03 8651593                    /home/ondieki/.m2/repository/org/apache/maven/surefire/maven-surefire-common/2.12.4/maven-surefire-common-2.12.4.jar
7fc6ca652000-7fc6ca852000 rw-p 00000000 00:00 0 
7fc6ca852000-7fc6caa52000 rw-p 00000000 00:00 0 
7fc6caa52000-7fc6caacc000 r--s 012bd000 08:05 3688594                    /usr/lib/jvm/java-1.8.0-openjdk-1.8.0.151-1.b12.fc25.x86_64/lib/tools.jar
7fc6caacc000-7fc6caccc000 rw-p 00000000 00:00 0 
7fc6caccc000-7fc6cacdd000 r-xp 00000000 08:05 3679868                    /usr/lib/jvm/java-1.8.0-openjdk-1.8.0.151-1.b12.fc25.x86_64/jre/lib/amd64/libnio.so
7fc6cacdd000-7fc6caedd000 ---p 00011000 08:05 3679868                    /usr/lib/jvm/java-1.8.0-openjdk-1.8.0.151-1.b12.fc25.x86_64/jre/lib/amd64/libnio.so
7fc6caedd000-7fc6caede000 r--p 00011000 08:05 3679868                    /usr/lib/jvm/java-1.8.0-openjdk-1.8.0.151-1.b12.fc25.x86_64/jre/lib/amd64/libnio.so
7fc6caede000-7fc6caedf000 rw-p 00012000 08:05 3679868                    /usr/lib/jvm/java-1.8.0-openjdk-1.8.0.151-1.b12.fc25.x86_64/jre/lib/amd64/libnio.so
7fc6caedf000-7fc6caef6000 r-xp 00000000 08:05 3679830                    /usr/lib/jvm/java-1.8.0-openjdk-1.8.0.151-1.b12.fc25.x86_64/jre/lib/amd64/libnet.so
7fc6caef6000-7fc6cb0f5000 ---p 00017000 08:05 3679830                    /usr/lib/jvm/java-1.8.0-openjdk-1.8.0.151-1.b12.fc25.x86_64/jre/lib/amd64/libnet.so
7fc6cb0f5000-7fc6cb0f6000 r--p 00016000 08:05 3679830                    /usr/lib/jvm/java-1.8.0-openjdk-1.8.0.151-1.b12.fc25.x86_64/jre/lib/amd64/libnet.so
7fc6cb0f6000-7fc6cb0f7000 rw-p 00017000 08:05 3679830                    /usr/lib/jvm/java-1.8.0-openjdk-1.8.0.151-1.b12.fc25.x86_64/jre/lib/amd64/libnet.so
7fc6cb0f7000-7fc6cb2f7000 rw-p 00000000 00:00 0 
7fc6cb2f7000-7fc6cb4f7000 rw-p 00000000 00:00 0 
7fc6cb4f7000-7fc6cb6f7000 rw-p 00000000 00:00 0 
7fc6cb6f7000-7fc6cb6f8000 ---p 00000000 00:00 0 
7fc6cb6f8000-7fc6cb7f8000 rw-p 00000000 00:00 0 
7fc6cb7f8000-7fc6cb7fb000 ---p 00000000 00:00 0 
7fc6cb7fb000-7fc6cb8f9000 rw-p 00000000 00:00 0 
7fc6cb8f9000-7fc6cb8fc000 ---p 00000000 00:00 0 
7fc6cb8fc000-7fc6cb9fa000 rw-p 00000000 00:00 0 
7fc6cb9fa000-7fc6cb9fd000 ---p 00000000 00:00 0 
7fc6cb9fd000-7fc6cbafb000 rw-p 00000000 00:00 0 
7fc6cbafb000-7fc6cbafe000 ---p 00000000 00:00 0 
7fc6cbafe000-7fc6cbbfc000 rw-p 00000000 00:00 0 
7fc6cbbfc000-7fc6cbbff000 ---p 00000000 00:00 0 
7fc6cbbff000-7fc6cbcfd000 rw-p 00000000 00:00 0 
7fc6cbcfd000-7fc6cbd00000 ---p 00000000 00:00 0 
7fc6cbd00000-7fc6cbdfe000 rw-p 00000000 00:00 0 
7fc6cbdfe000-7fc6cbe01000 ---p 00000000 00:00 0 
7fc6cbe01000-7fc6cbeff000 rw-p 00000000 00:00 0 
7fc6cbeff000-7fc6cbf00000 ---p 00000000 00:00 0 
7fc6cbf00000-7fc6cc000000 rw-p 00000000 00:00 0 
7fc6cc000000-7fc6cc021000 rw-p 00000000 00:00 0 
7fc6cc021000-7fc6d0000000 ---p 00000000 00:00 0 
7fc6d0000000-7fc6d0001000 r--s 00002000 08:03 6167544                    /home/ondieki/.m2/repository/org/apache/maven/reporting/maven-reporting-api/2.0.9/maven-reporting-api-2.0.9.jar
7fc6d0001000-7fc6d0005000 r--s 00019000 08:03 8651644                    /home/ondieki/.m2/repository/org/apache/maven/surefire/surefire-api/2.12.4/surefire-api-2.12.4.jar
7fc6d0005000-7fc6d0007000 r--s 00007000 08:03 8651760                    /home/ondieki/.m2/repository/org/apache/maven/surefire/surefire-booter/2.12.4/surefire-booter-2.12.4.jar
7fc6d0007000-7fc6d0008000 r--s 00007000 08:03 8652505                    /home/ondieki/.m2/repository/org/apache/maven/plugins/maven-surefire-plugin/2.12.4/maven-surefire-plugin-2.12.4.jar
7fc6d0008000-7fc6d000a000 r--s 00002000 08:03 9306262                    /home/ondieki/.m2/repository/org/codehaus/plexus/plexus-compiler-javac/1.8.1/plexus-compiler-javac-1.8.1.jar
7fc6d000a000-7fc6d000c000 r--s 00000000 08:03 9306405                    /home/ondieki/.m2/repository/org/codehaus/plexus/plexus-compiler-manager/1.8.1/plexus-compiler-manager-1.8.1.jar
7fc6d000c000-7fc6d000d000 r--s 00004000 08:03 9177599                    /home/ondieki/.m2/repository/org/codehaus/plexus/plexus-compiler-api/1.8.1/plexus-compiler-api-1.8.1.jar
7fc6d000d000-7fc6d000f000 r--s 00006000 08:03 8652190                    /home/ondieki/.m2/repository/org/apache/maven/plugins/maven-compiler-plugin/2.3.2/maven-compiler-plugin-2.3.2.jar
7fc6d000f000-7fc6d0011000 r--s 0000d000 08:03 9177888                    /home/ondieki/.m2/repository/org/codehaus/plexus/plexus-interpolation/1.13/plexus-interpolation-1.13.jar
7fc6d0011000-7fc6d0012000 r--s 00001000 08:03 8914465                    /home/ondieki/.m2/repository/org/sonatype/plexus/plexus-build-api/0.0.4/plexus-build-api-0.0.4.jar
7fc6d0012000-7fc6d0014000 r--s 00009000 08:03 7736420                    /home/ondieki/.m2/repository/org/apache/maven/shared/maven-filtering/1.1/maven-filtering-1.1.jar
7fc6d0014000-7fc6d0018000 r--s 00033000 08:03 9177755                    /home/ondieki/.m2/repository/org/codehaus/plexus/plexus-utils/2.0.5/plexus-utils-2.0.5.jar
7fc6d0018000-7fc6d001b000 r--s 0001b000 08:03 4858593                    /home/ondieki/.m2/repository/junit/junit/3.8.1/junit-3.8.1.jar
7fc6d001b000-7fc6d001d000 r--s 00002000 08:03 9306475                    /home/ondieki/.m2/repository/org/codehaus/plexus/plexus-interactivity-api/1.0-alpha-4/plexus-interactivity-api-1.0-alpha-4.jar
7fc6d001d000-7fc6d001f000 r--s 00006000 08:03 6561550                    /home/ondieki/.m2/repository/commons-cli/commons-cli/1.0/commons-cli-1.0.jar
7fc6d001f000-7fc6d0020000 r--s 00001000 08:03 6431161                    /home/ondieki/.m2/repository/org/apache/maven/doxia/doxia-sink-api/1.0-alpha-7/doxia-sink-api-1.0-alpha-7.jar
7fc6d0020000-7fc6d0021000 r--s 00002000 08:03 6167557                    /home/ondieki/.m2/repository/org/apache/maven/reporting/maven-reporting-api/2.0.6/maven-reporting-api-2.0.6.jar
7fc6d0021000-7fc6d0023000 r--s 00006000 08:03 8651797                    /home/ondieki/.m2/repository/org/apache/maven/plugins/maven-resources-plugin/2.6/maven-resources-plugin-2.6.jar
7fc6d0023000-7fc6d0027000 r--s 00034000 08:03 9177740                    /home/ondieki/.m2/repository/org/codehaus/plexus/plexus-utils/3.0/plexus-utils-3.0.jar
7fc6d0027000-7fc6d0029000 r--s 00005000 08:03 8651835                    /home/ondieki/.m2/repository/org/apache/maven/plugins/maven-clean-plugin/2.5/maven-clean-plugin-2.5.jar
7fc6d0029000-7fc6d002e000 r--s 000b3000 08:05 3680849                    /usr/lib/jvm/java-1.8.0-openjdk-1.8.0.151-1.b12.fc25.x86_64/jre/lib/jsse.jar
7fc6d002e000-7fc6d0030000 r--s 00010000 08:05 4333788                    /usr/share/java/maven/maven-aether-provider.jar
7fc6d0030000-7fc6d0031000 r--s 00003000 08:05 4333815                    /usr/share/java/maven-wagon/file.jar
7fc6d0031000-7fc6d0036000 r--s 00027000 08:05 4333794                    /usr/share/java/maven/maven-model-builder.jar
7fc6d0036000-7fc6d0037000 r--s 00003000 08:05 4333748                    /usr/share/java/maven-wagon/http-shared.jar
7fc6d0037000-7fc6d0039000 r--s 00006000 08:05 4333562                    /usr/share/java/aether/aether-spi.jar
7fc6d0039000-7fc6d003d000 r--s 0000d000 08:05 4333898                    /usr/share/java/cdi-api/cdi-api.jar
7fc6d003d000-7fc6d003f000 r--s 0000a000 08:05 4333798                    /usr/share/java/maven/maven-settings-builder.jar
7fc6d003f000-7fc6d0044000 r--s 0001e000 08:05 4333558                    /usr/share/java/aether/aether-api.jar
7fc6d0044000-7fc6d0045000 r--s 00005000 08:05 4333660                    /usr/share/java/plexus/plexus-sec-dispatcher.jar
7fc6d0045000-7fc6d004a000 r--s 00021000 08:05 4333565                    /usr/share/java/aether/aether-util.jar
7fc6d004a000-7fc6d004c000 r--s 0000b000 08:05 4333796                    /usr/share/java/maven/maven-plugin-api.jar
7fc6d004c000-7fc6d0053000 r--s 0003f000 08:05 4333757                    /usr/share/java/commons-codec.jar
7fc6d0053000-7fc6d0055000 r--s 00008000 08:05 4333877                    /usr/share/java/maven-wagon/http.jar
7fc6d0055000-7fc6d0058000 r--s 0000c000 08:05 4333789                    /usr/share/java/maven/maven-artifact.jar
7fc6d0058000-7fc6d005d000 r--s 00041000 08:05 4333655                    /usr/share/java/apache-commons-lang.jar
7fc6d005d000-7fc6d005f000 r--s 00003000 08:05 4333910                    /usr/share/java/jsr-305.jar
7fc6d005f000-7fc6d0066000 r--s 0004a000 08:05 4333724                    /usr/share/java/jsoup/jsoup.jar
7fc6d0066000-7fc6d0069000 r--s 0000c000 08:05 4333577                    /usr/share/java/maven-wagon/provider-api.jar
7fc6d0069000-7fc6d006b000 r--s 00002000 08:05 4333599                    /usr/share/java/plexus/plexus-cipher.jar
7fc6d006b000-7fc6d006f000 r--s 00028000 08:05 4333663                    /usr/share/java/aether/aether-impl.jar
7fc6d006f000-7fc6d0071000 r--s 00005000 08:05 4333818                    /usr/share/java/aether/aether-transport-wagon.jar
7fc6d0071000-7fc6d0072000 r--s 00007000 08:05 4333797                    /usr/share/java/maven/maven-repository-metadata.jar
7fc6d0072000-7fc6d0075000 r--s 00014000 08:05 4333793                    /usr/share/java/maven/maven-embedder.jar
7fc6d0075000-7fc6d007b000 r--s 00041000 08:05 4333791                    /usr/share/java/maven/maven-compat.jar
7fc6d007b000-7fc6d007d000 r--s 0000c000 08:05 4333698                    /usr/share/java/objectweb-asm/asm.jar
7fc6d007d000-7fc6d008a000 r--s 00098000 08:05 4333870                    /usr/share/java/httpcomponents/httpclient.jar
7fc6d008a000-7fc6d0091000 r--s 0003f000 08:05 4333712                    /usr/share/java/org.eclipse.sisu.inject.jar
7fc6d0091000-7fc6d0095000 r--s 00029000 08:05 4333744                    /usr/share/java/commons-io.jar
7fc6d0095000-7fc6d009e000 r--s 0005f000 08:05 4333777                    /usr/share/java/guice/google-guice-no_aop.jar
7fc6d009e000-7fc6d00a5000 r--s 00062000 08:05 4333734                    /usr/share/java/apache-commons-lang3.jar
7fc6d00a5000-7fc6d00d0000 r--s 001f1000 08:05 4333619                    /usr/share/java/guava.jar
7fc6d00d0000-7fc6d1000000 rw-p 00000000 00:00 0 
7fc6d1000000-7fc6d2820000 rwxp 00000000 00:00 0 
7fc6d2820000-7fc6e0000000 ---p 00000000 00:00 0 
7fc6e0000000-7fc6e1046000 rw-p 00000000 00:00 0 
7fc6e1046000-7fc6e4000000 ---p 00000000 00:00 0 
7fc6e4000000-7fc6e4002000 r--s 00027000 08:05 4333795                    /usr/share/java/maven/maven-model.jar
7fc6e4002000-7fc6e4003000 r--s 00002000 08:05 4333675                    /usr/share/java/slf4j/slf4j-simple.jar
7fc6e4003000-7fc6e4006000 r--s 00011000 08:05 4333684                    /usr/share/java/plexus/interpolation.jar
7fc6e4006000-7fc6e40d8000 rw-p 00000000 00:00 0 
7fc6e40d8000-7fc6e42a6000 r--s 04400000 08:05 3680867                    /usr/lib/jvm/java-1.8.0-openjdk-1.8.0.151-1.b12.fc25.x86_64/jre/lib/rt.jar
7fc6e42a6000-7fc6e50eb000 rw-p 00000000 00:00 0 
7fc6e50eb000-7fc6e50ec000 ---p 00000000 00:00 0 
7fc6e50ec000-7fc6e51ec000 rw-p 00000000 00:00 0 
7fc6e51ec000-7fc6e51ed000 ---p 00000000 00:00 0 
7fc6e51ed000-7fc6e52ed000 rw-p 00000000 00:00 0 
7fc6e52ed000-7fc6e52ee000 ---p 00000000 00:00 0 
7fc6e52ee000-7fc6e53ee000 rw-p 00000000 00:00 0 
7fc6e53ee000-7fc6e53ef000 ---p 00000000 00:00 0 
7fc6e53ef000-7fc6e552f000 rw-p 00000000 00:00 0 
7fc6e552f000-7fc6e58cf000 ---p 00000000 00:00 0 
7fc6e58cf000-7fc6e590f000 rw-p 00000000 00:00 0 
7fc6e590f000-7fc6e5cae000 ---p 00000000 00:00 0 
7fc6e5cae000-7fc6e5d37000 rw-p 00000000 00:00 0 
7fc6e5d37000-7fc6e5e9e000 ---p 00000000 00:00 0 
7fc6e5e9e000-7fc6e5f00000 rw-p 00000000 00:00 0 
7fc6e5f00000-7fc6e625f000 ---p 00000000 00:00 0 
7fc6e625f000-7fc6e6267000 r-xp 00000000 08:05 3679942                    /usr/lib/jvm/java-1.8.0-openjdk-1.8.0.151-1.b12.fc25.x86_64/jre/lib/amd64/libzip.so
7fc6e6267000-7fc6e6466000 ---p 00008000 08:05 3679942                    /usr/lib/jvm/java-1.8.0-openjdk-1.8.0.151-1.b12.fc25.x86_64/jre/lib/amd64/libzip.so
7fc6e6466000-7fc6e6467000 r--p 00007000 08:05 3679942                    /usr/lib/jvm/java-1.8.0-openjdk-1.8.0.151-1.b12.fc25.x86_64/jre/lib/amd64/libzip.so
7fc6e6467000-7fc6e6468000 rw-p 00000000 00:00 0 
7fc6e6468000-7fc6e6472000 r-xp 00000000 08:05 3675047                    /usr/lib64/libnss_files-2.24.so
7fc6e6472000-7fc6e6672000 ---p 0000a000 08:05 3675047                    /usr/lib64/libnss_files-2.24.so
7fc6e6672000-7fc6e6673000 r--p 0000a000 08:05 3675047                    /usr/lib64/libnss_files-2.24.so
7fc6e6673000-7fc6e6674000 rw-p 0000b000 08:05 3675047                    /usr/lib64/libnss_files-2.24.so
7fc6e6674000-7fc6e667a000 rw-p 00000000 00:00 0 
7fc6e667a000-7fc6e66a7000 r-xp 00000000 08:05 3679751                    /usr/lib/jvm/java-1.8.0-openjdk-1.8.0.151-1.b12.fc25.x86_64/jre/lib/amd64/libjava.so
7fc6e66a7000-7fc6e68a7000 ---p 0002d000 08:05 3679751                    /usr/lib/jvm/java-1.8.0-openjdk-1.8.0.151-1.b12.fc25.x86_64/jre/lib/amd64/libjava.so
7fc6e68a7000-7fc6e68a8000 r--p 0002d000 08:05 3679751                    /usr/lib/jvm/java-1.8.0-openjdk-1.8.0.151-1.b12.fc25.x86_64/jre/lib/amd64/libjava.so
7fc6e68a8000-7fc6e68a9000 rw-p 0002e000 08:05 3679751                    /usr/lib/jvm/java-1.8.0-openjdk-1.8.0.151-1.b12.fc25.x86_64/jre/lib/amd64/libjava.so
7fc6e68a9000-7fc6e68aa000 rw-p 00000000 00:00 0 
7fc6e68aa000-7fc6e68b7000 r-xp 00000000 08:05 3679941                    /usr/lib/jvm/java-1.8.0-openjdk-1.8.0.151-1.b12.fc25.x86_64/jre/lib/amd64/libverify.so
7fc6e68b7000-7fc6e6ab6000 ---p 0000d000 08:05 3679941                    /usr/lib/jvm/java-1.8.0-openjdk-1.8.0.151-1.b12.fc25.x86_64/jre/lib/amd64/libverify.so
7fc6e6ab6000-7fc6e6ab8000 r--p 0000c000 08:05 3679941                    /usr/lib/jvm/java-1.8.0-openjdk-1.8.0.151-1.b12.fc25.x86_64/jre/lib/amd64/libverify.so
7fc6e6ab8000-7fc6e6ab9000 rw-p 00000000 00:00 0 
7fc6e6ab9000-7fc6e6ac0000 r-xp 00000000 08:05 3675053                    /usr/lib64/librt-2.24.so
7fc6e6ac0000-7fc6e6cbf000 ---p 00007000 08:05 3675053                    /usr/lib64/librt-2.24.so
7fc6e6cbf000-7fc6e6cc0000 r--p 00006000 08:05 3675053                    /usr/lib64/librt-2.24.so
7fc6e6cc0000-7fc6e6cc1000 rw-p 00007000 08:05 3675053                    /usr/lib64/librt-2.24.so
7fc6e6cc1000-7fc6e6cd7000 r-xp 00000000 08:05 3681626                    /usr/lib64/libgcc_s-6.4.1-20170727.so.1
7fc6e6cd7000-7fc6e6ed6000 ---p 00016000 08:05 3681626                    /usr/lib64/libgcc_s-6.4.1-20170727.so.1
7fc6e6ed6000-7fc6e6ed7000 r--p 00015000 08:05 3681626                    /usr/lib64/libgcc_s-6.4.1-20170727.so.1
7fc6e6ed7000-7fc6e6ed8000 rw-p 00016000 08:05 3681626                    /usr/lib64/libgcc_s-6.4.1-20170727.so.1
7fc6e6ed8000-7fc6e6fe0000 r-xp 00000000 08:05 3675039                    /usr/lib64/libm-2.24.so
7fc6e6fe0000-7fc6e71df000 ---p 00108000 08:05 3675039                    /usr/lib64/libm-2.24.so
7fc6e71df000-7fc6e71e0000 r--p 00107000 08:05 3675039                    /usr/lib64/libm-2.24.so
7fc6e71e0000-7fc6e71e1000 rw-p 00108000 08:05 3675039                    /usr/lib64/libm-2.24.so
7fc6e71e1000-7fc6e7359000 r-xp 00000000 08:05 3678443                    /usr/lib64/libstdc++.so.6.0.22
7fc6e7359000-7fc6e7559000 ---p 00178000 08:05 3678443                    /usr/lib64/libstdc++.so.6.0.22
7fc6e7559000-7fc6e7563000 r--p 00178000 08:05 3678443                    /usr/lib64/libstdc++.so.6.0.22
7fc6e7563000-7fc6e7565000 rw-p 00182000 08:05 3678443                    /usr/lib64/libstdc++.so.6.0.22
7fc6e7565000-7fc6e7569000 rw-p 00000000 00:00 0 
7fc6e7569000-7fc6e8293000 r-xp 00000000 08:05 3680123                    /usr/lib/jvm/java-1.8.0-openjdk-1.8.0.151-1.b12.fc25.x86_64/jre/lib/amd64/server/libjvm.so
7fc6e8293000-7fc6e8493000 ---p 00d2a000 08:05 3680123                    /usr/lib/jvm/java-1.8.0-openjdk-1.8.0.151-1.b12.fc25.x86_64/jre/lib/amd64/server/libjvm.so
7fc6e8493000-7fc6e852f000 r--p 00d2a000 08:05 3680123                    /usr/lib/jvm/java-1.8.0-openjdk-1.8.0.151-1.b12.fc25.x86_64/jre/lib/amd64/server/libjvm.so
7fc6e852f000-7fc6e8558000 rw-p 00dc6000 08:05 3680123                    /usr/lib/jvm/java-1.8.0-openjdk-1.8.0.151-1.b12.fc25.x86_64/jre/lib/amd64/server/libjvm.so
7fc6e8558000-7fc6e8588000 rw-p 00000000 00:00 0 
7fc6e8588000-7fc6e8745000 r-xp 00000000 08:05 3675033                    /usr/lib64/libc-2.24.so
7fc6e8745000-7fc6e8944000 ---p 001bd000 08:05 3675033                    /usr/lib64/libc-2.24.so
7fc6e8944000-7fc6e8948000 r--p 001bc000 08:05 3675033                    /usr/lib64/libc-2.24.so
7fc6e8948000-7fc6e894a000 rw-p 001c0000 08:05 3675033                    /usr/lib64/libc-2.24.so
7fc6e894a000-7fc6e894e000 rw-p 00000000 00:00 0 
7fc6e894e000-7fc6e8951000 r-xp 00000000 08:05 3675037                    /usr/lib64/libdl-2.24.so
7fc6e8951000-7fc6e8b50000 ---p 00003000 08:05 3675037                    /usr/lib64/libdl-2.24.so
7fc6e8b50000-7fc6e8b51000 r--p 00002000 08:05 3675037                    /usr/lib64/libdl-2.24.so
7fc6e8b51000-7fc6e8b52000 rw-p 00003000 08:05 3675037                    /usr/lib64/libdl-2.24.so
7fc6e8b52000-7fc6e8b5f000 r-xp 00000000 08:05 3688585                    /usr/lib/jvm/java-1.8.0-openjdk-1.8.0.151-1.b12.fc25.x86_64/lib/amd64/jli/libjli.so
7fc6e8b5f000-7fc6e8d5f000 ---p 0000d000 08:05 3688585                    /usr/lib/jvm/java-1.8.0-openjdk-1.8.0.151-1.b12.fc25.x86_64/lib/amd64/jli/libjli.so
7fc6e8d5f000-7fc6e8d60000 r--p 0000d000 08:05 3688585                    /usr/lib/jvm/java-1.8.0-openjdk-1.8.0.151-1.b12.fc25.x86_64/lib/amd64/jli/libjli.so
7fc6e8d60000-7fc6e8d61000 rw-p 00000000 00:00 0 
7fc6e8d61000-7fc6e8d76000 r-xp 00000000 08:05 3679844                    /usr/lib64/libz.so.1.2.8
7fc6e8d76000-7fc6e8f75000 ---p 00015000 08:05 3679844                    /usr/lib64/libz.so.1.2.8
7fc6e8f75000-7fc6e8f76000 r--p 00014000 08:05 3679844                    /usr/lib64/libz.so.1.2.8
7fc6e8f76000-7fc6e8f77000 rw-p 00015000 08:05 3679844                    /usr/lib64/libz.so.1.2.8
7fc6e8f77000-7fc6e8f8f000 r-xp 00000000 08:05 3675049                    /usr/lib64/libpthread-2.24.so
7fc6e8f8f000-7fc6e918f000 ---p 00018000 08:05 3675049                    /usr/lib64/libpthread-2.24.so
7fc6e918f000-7fc6e9190000 r--p 00018000 08:05 3675049                    /usr/lib64/libpthread-2.24.so
7fc6e9190000-7fc6e9191000 rw-p 00019000 08:05 3675049                    /usr/lib64/libpthread-2.24.so
7fc6e9191000-7fc6e9195000 rw-p 00000000 00:00 0 
7fc6e9195000-7fc6e91bb000 r-xp 00000000 08:05 3674056                    /usr/lib64/ld-2.24.so
7fc6e91bb000-7fc6e91bc000 r--s 00004000 08:05 4333790                    /usr/share/java/maven/maven-builder-support.jar
7fc6e91bc000-7fc6e91bd000 r--s 0000b000 08:05 4333799                    /usr/share/java/maven/maven-settings.jar
7fc6e91bd000-7fc6e91bf000 r--s 00001000 08:05 4333771                    /usr/share/java/aopalliance.jar
7fc6e91bf000-7fc6e91c5000 r--s 0002d000 08:05 4333716                    /usr/share/java/org.eclipse.sisu.plexus.jar
7fc6e91c5000-7fc6e91c7000 r--s 00000000 08:05 4333582                    /usr/share/java/plexus-containers/plexus-component-annotations.jar
7fc6e91c7000-7fc6e91d4000 r--s 0008e000 08:05 4333792                    /usr/share/java/maven/maven-core.jar
7fc6e91d4000-7fc6e9292000 rw-p 00000000 00:00 0 
7fc6e9292000-7fc6e9295000 ---p 00000000 00:00 0 
7fc6e9295000-7fc6e9397000 rw-p 00000000 00:00 0 
7fc6e9397000-7fc6e9398000 r--s 00000000 08:05 4333628                    /usr/share/java/atinject.jar
7fc6e9398000-7fc6e939a000 r--s 00008000 08:05 4333821                    /usr/share/java/aether/aether-connector-basic.jar
7fc6e939a000-7fc6e939c000 r--s 0000e000 08:05 4333645                    /usr/share/java/commons-logging.jar
7fc6e939c000-7fc6e93a4000 r--s 00049000 08:05 4333609                    /usr/share/java/httpcomponents/httpcore.jar
7fc6e93a4000-7fc6e93a8000 r--s 0003b000 08:05 4333572                    /usr/share/java/plexus/utils.jar
7fc6e93a8000-7fc6e93aa000 r--s 0000c000 08:05 4333767                    /usr/share/java/commons-cli.jar
7fc6e93aa000-7fc6e93ac000 r--s 00009000 08:05 4333673                    /usr/share/java/slf4j/slf4j-api.jar
7fc6e93ac000-7fc6e93ae000 r--s 0000b000 08:05 4333591                    /usr/share/java/plexus-classworlds.jar
7fc6e93ae000-7fc6e93b6000 rw-s 00000000 00:29 415590                     /tmp/hsperfdata_ondieki/23669
7fc6e93b6000-7fc6e93b7000 rw-p 00000000 00:00 0 
7fc6e93b7000-7fc6e93b8000 ---p 00000000 00:00 0 
7fc6e93b8000-7fc6e93ba000 rw-p 00000000 00:00 0 
7fc6e93ba000-7fc6e93bb000 r--p 00025000 08:05 3674056                    /usr/lib64/ld-2.24.so
7fc6e93bb000-7fc6e93bc000 rw-p 00026000 08:05 3674056                    /usr/lib64/ld-2.24.so
7fc6e93bc000-7fc6e93bd000 rw-p 00000000 00:00 0 
7ffc7d363000-7ffc7d385000 rw-p 00000000 00:00 0                          [stack]
7ffc7d3f7000-7ffc7d3fa000 r--p 00000000 00:00 0                          [vvar]
7ffc7d3fa000-7ffc7d3fc000 r-xp 00000000 00:00 0                          [vdso]
ffffffffff600000-ffffffffff601000 r-xp 00000000 00:00 0                  [vsyscall]

VM Arguments:
jvm_args: -Dclassworlds.conf=/usr/share/maven/bin/m2.conf -Dmaven.home=/usr/share/maven -Dmaven.multiModuleProjectDirectory=/home/ondieki/Pictures/Mss 
java_command: org.codehaus.plexus.classworlds.launcher.Launcher clean jboss-as:deploy
java_class_path (initial): /usr/share/maven/boot/plexus-classworlds.jar
Launcher Type: SUN_STANDARD

Environment Variables:
JAVA_HOME=/usr/lib/jvm/java
PATH=/usr/local/bin:/usr/local/sbin:/usr/bin:/usr/sbin:/home/ondieki/.local/bin:/home/ondieki/bin:/home/ondieki/.local/bin:/home/ondieki/bin
USERNAME=ondieki
LD_LIBRARY_PATH=/home/ondieki/Downloads/ideaIU-2017.2.5/idea-IU-172.4343.14/bin:
SHELL=/bin/bash
DISPLAY=:0

Signal Handlers:
SIGSEGV: [libjvm.so+0xb2a990], sa_mask[0]=11111111011111111101111111111110, sa_flags=SA_RESTART|SA_SIGINFO
SIGBUS: [libjvm.so+0xb2a990], sa_mask[0]=11111111011111111101111111111110, sa_flags=SA_RESTART|SA_SIGINFO
SIGFPE: [libjvm.so+0x8f11f0], sa_mask[0]=11111111011111111101111111111110, sa_flags=SA_RESTART|SA_SIGINFO
SIGPIPE: SIG_IGN, sa_mask[0]=00000000000000000000000000000000, sa_flags=none
SIGXFSZ: [libjvm.so+0x8f11f0], sa_mask[0]=11111111011111111101111111111110, sa_flags=SA_RESTART|SA_SIGINFO
SIGILL: [libjvm.so+0x8f11f0], sa_mask[0]=11111111011111111101111111111110, sa_flags=SA_RESTART|SA_SIGINFO
SIGUSR1: SIG_DFL, sa_mask[0]=00000000000000000000000000000000, sa_flags=none
SIGUSR2: [libjvm.so+0x8f10a0], sa_mask[0]=00100000000000000000000000000000, sa_flags=SA_RESTART|SA_SIGINFO
SIGHUP: [libjvm.so+0x8f1550], sa_mask[0]=11111111011111111101111111111110, sa_flags=SA_RESTART|SA_SIGINFO
SIGINT: [libjvm.so+0x8f1550], sa_mask[0]=11111111011111111101111111111110, sa_flags=SA_RESTART|SA_SIGINFO
SIGTERM: [libjvm.so+0x8f1550], sa_mask[0]=11111111011111111101111111111110, sa_flags=SA_RESTART|SA_SIGINFO
SIGQUIT: [libjvm.so+0x8f1550], sa_mask[0]=11111111011111111101111111111110, sa_flags=SA_RESTART|SA_SIGINFO


---------------  S Y S T E M  ---------------

OS:redhat release 7

uname:Linux 4.13.12-100.fc25.x86_64 #1 SMP Wed Nov 8 18:13:25 UTC 2017 x86_64
libc:glibc 2.24 NPTL 2.24 
rlimit: STACK 8192k, CORE infinity, NPROC 47493, NOFILE 4096, AS infinity
load average:6.16 5.33 4.50

/proc/meminfo:
MemTotal:       12180848 kB
MemFree:          637436 kB
MemAvailable:    1142516 kB
Buffers:           58416 kB
Cached:          3066448 kB
SwapCached:           28 kB
Active:          9562968 kB
Inactive:        1507724 kB
Active(anon):    9343532 kB
Inactive(anon):  1028236 kB
Active(file):     219436 kB
Inactive(file):   479488 kB
Unevictable:          16 kB
Mlocked:              16 kB
SwapTotal:      26507260 kB
SwapFree:       26502640 kB
Dirty:             58640 kB
Writeback:             0 kB
AnonPages:       7945832 kB
Mapped:          1691556 kB
Shmem:           2510688 kB
Slab:             156368 kB
SReclaimable:      86444 kB
SUnreclaim:        69924 kB
KernelStack:       15360 kB
PageTables:       201344 kB
NFS_Unstable:          0 kB
Bounce:                0 kB
WritebackTmp:          0 kB
CommitLimit:    32597684 kB
Committed_AS:   23087868 kB
VmallocTotal:   34359738367 kB
VmallocUsed:           0 kB
VmallocChunk:          0 kB
HardwareCorrupted:     0 kB
AnonHugePages:         0 kB
ShmemHugePages:        0 kB
ShmemPmdMapped:        0 kB
CmaTotal:              0 kB
CmaFree:               0 kB
HugePages_Total:       0
HugePages_Free:        0
HugePages_Rsvd:        0
HugePages_Surp:        0
Hugepagesize:       2048 kB
DirectMap4k:      160720 kB
DirectMap2M:    12302336 kB


CPU:total 4 (initial active 4) (2 cores per cpu, 2 threads per core) family 6 model 42 stepping 7, cmov, cx8, fxsr, mmx, sse, sse2, sse3, ssse3, sse4.1, sse4.2, popcnt, avx, aes, clmul, ht, tsc, tscinvbit

/proc/cpuinfo:
processor	: 0
vendor_id	: GenuineIntel
cpu family	: 6
model		: 42
model name	: Intel(R) Core(TM) i5-2520M CPU @ 2.50GHz
stepping	: 7
microcode	: 0x29
cpu MHz		: 2993.179
cache size	: 3072 KB
physical id	: 0
siblings	: 4
core id		: 0
cpu cores	: 2
apicid		: 0
initial apicid	: 0
fpu		: yes
fpu_exception	: yes
cpuid level	: 13
wp		: yes
flags		: fpu vme de pse tsc msr pae mce cx8 apic sep mtrr pge mca cmov pat pse36 clflush dts acpi mmx fxsr sse sse2 ss ht tm pbe syscall nx rdtscp lm constant_tsc arch_perfmon pebs bts rep_good nopl xtopology nonstop_tsc cpuid aperfmperf pni pclmulqdq dtes64 monitor ds_cpl vmx smx est tm2 ssse3 cx16 xtpr pdcm pcid sse4_1 sse4_2 x2apic popcnt tsc_deadline_timer aes xsave avx lahf_lm epb tpr_shadow vnmi flexpriority ept vpid xsaveopt dtherm ida arat pln pts
bugs		:
bogomips	: 4988.63
clflush size	: 64
cache_alignment	: 64
address sizes	: 36 bits physical, 48 bits virtual
power management:

processor	: 1
vendor_id	: GenuineIntel
cpu family	: 6
model		: 42
model name	: Intel(R) Core(TM) i5-2520M CPU @ 2.50GHz
stepping	: 7
microcode	: 0x29
cpu MHz		: 2993.179
cache size	: 3072 KB
physical id	: 0
siblings	: 4
core id		: 0
cpu cores	: 2
apicid		: 1
initial apicid	: 1
fpu		: yes
fpu_exception	: yes
cpuid level	: 13
wp		: yes
flags		: fpu vme de pse tsc msr pae mce cx8 apic sep mtrr pge mca cmov pat pse36 clflush dts acpi mmx fxsr sse sse2 ss ht tm pbe syscall nx rdtscp lm constant_tsc arch_perfmon pebs bts rep_good nopl xtopology nonstop_tsc cpuid aperfmperf pni pclmulqdq dtes64 monitor ds_cpl vmx smx est tm2 ssse3 cx16 xtpr pdcm pcid sse4_1 sse4_2 x2apic popcnt tsc_deadline_timer aes xsave avx lahf_lm epb tpr_shadow vnmi flexpriority ept vpid xsaveopt dtherm ida arat pln pts
bugs		:
bogomips	: 4995.17
clflush size	: 64
cache_alignment	: 64
address sizes	: 36 bits physical, 48 bits virtual
power management:

processor	: 2
vendor_id	: GenuineIntel
cpu family	: 6
model		: 42
model name	: Intel(R) Core(TM) i5-2520M CPU @ 2.50GHz
stepping	: 7
microcode	: 0x29
cpu MHz		: 2993.178
cache size	: 3072 KB
physical id	: 0
siblings	: 4
core id		: 1
cpu cores	: 2
apicid		: 2
initial apicid	: 2
fpu		: yes
fpu_exception	: yes
cpuid level	: 13
wp		: yes
flags		: fpu vme de pse tsc msr pae mce cx8 apic sep mtrr pge mca cmov pat pse36 clflush dts acpi mmx fxsr sse sse2 ss ht tm pbe syscall nx rdtscp lm constant_tsc arch_perfmon pebs bts rep_good nopl xtopology nonstop_tsc cpuid aperfmperf pni pclmulqdq dtes64 monitor ds_cpl vmx smx est tm2 ssse3 cx16 xtpr pdcm pcid sse4_1 sse4_2 x2apic popcnt tsc_deadline_timer aes xsave avx lahf_lm epb tpr_shadow vnmi flexpriority ept vpid xsaveopt dtherm ida arat pln pts
bugs		:
bogomips	: 4993.79
clflush size	: 64
cache_alignment	: 64
address sizes	: 36 bits physical, 48 bits virtual
power management:

processor	: 3
vendor_id	: GenuineIntel
cpu family	: 6
model		: 42
model name	: Intel(R) Core(TM) i5-2520M CPU @ 2.50GHz
stepping	: 7
microcode	: 0x29
cpu MHz		: 2993.225
cache size	: 3072 KB
physical id	: 0
siblings	: 4
core id		: 1
cpu cores	: 2
apicid		: 3
initial apicid	: 3
fpu		: yes
fpu_exception	: yes
cpuid level	: 13
wp		: yes
flags		: fpu vme de pse tsc msr pae mce cx8 apic sep mtrr pge mca cmov pat pse36 clflush dts acpi mmx fxsr sse sse2 ss ht tm pbe syscall nx rdtscp lm constant_tsc arch_perfmon pebs bts rep_good nopl xtopology nonstop_tsc cpuid aperfmperf pni pclmulqdq dtes64 monitor ds_cpl vmx smx est tm2 ssse3 cx16 xtpr pdcm pcid sse4_1 sse4_2 x2apic popcnt tsc_deadline_timer aes xsave avx lahf_lm epb tpr_shadow vnmi flexpriority ept vpid xsaveopt dtherm ida arat pln pts
bugs		:
bogomips	: 4993.83
clflush size	: 64
cache_alignment	: 64
address sizes	: 36 bits physical, 48 bits virtual
power management:



Memory: 4k page, physical 12180848k(637436k free), swap 26507260k(26502640k free)

vm_info: OpenJDK 64-Bit Server VM (25.151-b12) for linux-amd64 JRE (1.8.0_151-b12), built on Oct 25 2017 15:01:27 by "mockbuild" with gcc 6.4.1 20170727 (Red Hat 6.4.1-1)

time: Sun Dec 10 23:25:23 2017
elapsed time: 48 seconds (0d 0h 0m 48s)

